make all --print-data-base --no-builtin-variables --no-builtin-rules --question
make: *** No rule to make target 'all'.  Stop.
 
# GNU Make 4.2.1
# Built for x86_64-pc-linux-gnu
# Copyright (C) 1988-2016 Free Software Foundation, Inc.
# License GPLv3+: GNU GPL version 3 or later <http://gnu.org/licenses/gpl.html>
# This is free software: you are free to change and redistribute it.
# There is NO WARRANTY, to the extent permitted by law.

# Make data base, printed on Thu Feb 10 08:48:23 2022

# Variables

# 'override' directive
GNUMAKEFLAGS := 
# automatic
<D = $(patsubst %/,%,$(dir $<))
# automatic
?F = $(notdir $?)
# environment
PAPERSIZE = a4
# environment
DESKTOP_SESSION = ubuntu
# default
.SHELLFLAGS := -c
# makefile (from 'Makefile', line 4)
OBJ := build/main.o build/memory_library.o
# environment
XDG_SESSION_CLASS = user
# environment
SNAP_COMMON = /var/snap/code/common
# environment
XDG_SESSION_TYPE = x11
# environment
VSCODE_LOG_NATIVE = false
# automatic
?D = $(patsubst %/,%,$(dir $?))
# environment
IM_CONFIG_PHASE = 1
# automatic
@D = $(patsubst %/,%,$(dir $@))
# environment
XAUTHORITY = /run/user/1001/gdm/Xauthority
# environment
GDMSESSION = ubuntu
# environment
XMODIFIERS = @im=ibus
# makefile
CURDIR := /home/student/Documents/group_11_all/Øving 5 - Doxygen/example
# makefile
SHELL = /bin/sh
# environment
SNAP_DATA = /var/snap/code/87
# environment
VSCODE_NLS_CONFIG = {"locale":"en-us","availableLanguages":{},"_languagePackSupport":true}
# environment
JOURNAL_STREAM = 8:53600
# makefile (from 'Makefile', line 7)
CFLAGS := -O0 -g3 -Wall -Werror
# environment
XDG_CONFIG_DIRS = /etc/xdg/xdg-ubuntu:/etc/xdg
# environment
SNAP_INSTANCE_NAME = code
# environment
SNAP_ARCH = amd64
# makefile (from 'Makefile', line 1)
MAKEFILE_LIST :=  Makefile
# automatic
@F = $(notdir $@)
# environment
GIO_LAUNCHED_DESKTOP_FILE = /var/lib/snapd/desktop/applications/code_code.desktop
# environment
USERNAME = student
# environment
MAKELEVEL := 0
# environment
XDG_DATA_DIRS = /usr/share/ubuntu:/usr/local/share/:/usr/share/:/var/lib/snapd/desktop
# environment
DBUS_SESSION_BUS_ADDRESS = unix:path=/run/user/1001/bus
# environment
VSCODE_VERBOSE_LOGGING = true
# environment
_ = /snap/code/87/usr/share/code/code
# environment
MANAGERPID = 1652
# environment
LESSOPEN = | /usr/bin/lesspipe %s
# environment
LC_NAME = nb_NO.UTF-8
# environment
VSCODE_CWD = /home/student
# environment
GSETTINGS_SCHEMA_DIR = /snap/code/87/usr/share/glib-2.0/schemas
# default
MAKE_HOST := x86_64-pc-linux-gnu
# environment
PATH = /home/student/.local/bin:/home/student/.cargo/bin:/home/student/.local/bin:/usr/local/sbin:/usr/local/bin:/usr/sbin:/usr/bin:/sbin:/bin:/usr/games:/usr/local/games:/snap/bin:/usr/local/go/bin:/usr/local/elevator:/usr/local/go/bin:/usr/local/elevator
# environment
GPG_AGENT_INFO = /run/user/1001/gnupg/S.gpg-agent:0:1
# environment
SESSION_MANAGER = local/drift-OptiPlex-7070:@/tmp/.ICE-unix/2259,unix/drift-OptiPlex-7070:/tmp/.ICE-unix/2259
# environment
XDG_RUNTIME_DIR = /run/user/1001
# environment
GDK_PIXBUF_MODULE_FILE = /home/student/snap/code/common/.cache/gdk-pixbuf-loaders.cache
# environment
SNAP = /snap/code/87
# environment
SNAP_VERSION = d6ee99e4
# environment
XDG_MENU_PREFIX = gnome-
# environment
VSCODE_LOG_STACK = false
# environment
DISABLE_WAYLAND = 1
# environment
VSCODE_CRASH_REPORTER_START_OPTIONS = {"companyName":"Microsoft","productName":"VSCode","submitURL":"appcenter://code?aid=fba07a4d-84bd-4fc8-a125-9640fc8ce171&uid=a7897495-3090-4847-be38-a5ebb50da448&iid=a7897495-3090-4847-be38-a5ebb50da448&sid=a7897495-3090-4847-be38-a5ebb50da448","uploadToServer":true}
# environment
INVOCATION_ID = fffa0678f79d44d3934c81e6c5445d02
# environment
GDK_PIXBUF_MODULEDIR = /snap/code/87/usr/lib/x86_64-linux-gnu/gdk-pixbuf-2.0/2.10.0/loaders
# default
.FEATURES := target-specific order-only second-expansion else-if shortest-stem undefine oneshell archives jobserver output-sync check-symlink load
# environment
LS_COLORS = 
# environment
XDG_SESSION_DESKTOP = ubuntu
# environment
SSH_AUTH_SOCK = /run/user/1001/keyring/ssh
# environment
GIO_LAUNCHED_DESKTOP_FILE_PID = 5364
# automatic
%F = $(notdir $%)
# makefile (from 'Makefile', line 2)
SOURCE_DIR := source
# environment
DISPLAY = :0
# environment
VSCODE_PIPE_LOGGING = true
# environment
SNAP_INSTANCE_KEY = 
# environment
PWD = /home/student/Documents/group_11_all/Øving 5 - Doxygen/example
# default
.LOADED := 
# environment
SSH_AGENT_PID = 2216
# environment
ORIGINAL_XDG_CURRENT_DESKTOP = ubuntu:GNOME
# environment
GTK_MODULES = gail:atk-bridge
# makefile (from 'Makefile', line 1)
SOURCE_FILES := main.c memory_library.c
# environment
VSCODE_AMD_ENTRYPOINT = vs/workbench/services/extensions/node/extensionHostProcess
# environment
HOME = /home/student
# environment
LESSCLOSE = /usr/bin/lesspipe %s %s
# environment
VSCODE_CLI = 1
# environment
VSCODE_CODE_CACHE_PATH = /home/student/.config/Code/CachedData/d6ee99e4c045a6716e5c653d7da8e9ae6f5a8b03
# environment
LOGNAME = student
# environment
APPLICATION_INSIGHTS_NO_DIAGNOSTIC_CHANNEL = 1
# environment
SNAP_LIBRARY_PATH = /var/lib/snapd/lib/gl:/var/lib/snapd/lib/gl32:/var/lib/snapd/void
# environment
SNAP_CONTEXT = YhPNE_WteWkktHJEKPoPZ2VzV_8-lntFzWtezBoQyFS-QG5TKJ5M
# automatic
+F = $(notdir $+)
# environment
ELECTRON_NO_ATTACH_CONSOLE = 1
# environment
SNAP_USER_COMMON = /home/student/snap/code/common
# environment
VSCODE_HANDLES_UNCAUGHT_ERRORS = true
# environment
GNOME_DESKTOP_SESSION_ID = this-is-deprecated
# automatic
^D = $(patsubst %/,%,$(dir $^))
# environment
LC_TIME = nb_NO.UTF-8
# environment
SNAP_REAL_HOME = /home/student
# default
MAKE = $(MAKE_COMMAND)
# default
MAKECMDGOALS := all
# environment
QT_IM_MODULE = ibus
# environment
SNAP_USER_DATA = /home/student/snap/code/87
# environment
SHLVL = 0
# makefile (from 'Makefile', line 6)
CC := gcc
# environment
GNOME_SHELL_SESSION_MODE = ubuntu
# makefile (from 'Makefile', line 3)
BUILD_DIR := build
# environment
VSCODE_IPC_HOOK_EXTHOST = /run/user/1001/vscode-ipc-a2bc5508-8142-4852-a669-e137fa994cc2.sock
# default
MAKE_VERSION := 4.2.1
# environment
USER = student
# environment
SNAP_REVISION = 87
# environment
LC_MONETARY = nb_NO.UTF-8
# makefile (from 'Makefile', line 9)
.DEFAULT_GOAL := main
# environment
XDG_CURRENT_DESKTOP = Unity
# automatic
%D = $(patsubst %/,%,$(dir $%))
# environment
LC_TELEPHONE = nb_NO.UTF-8
# default
MAKE_COMMAND := make
# default
.VARIABLES := 
# automatic
*F = $(notdir $*)
# environment
LANGUAGE = en_US:en
# environment
VSCODE_IPC_HOOK = /run/user/1001/vscode-62ee4e9e-1.64.1-main.sock
# environment
BAMF_DESKTOP_FILE_HINT = /var/lib/snapd/desktop/applications/code_code.desktop
# makefile
MAKEFLAGS = pqrR
# environment
MFLAGS = -pqrR
# automatic
*D = $(patsubst %/,%,$(dir $*))
# environment
BREAKPAD_DUMP_LOCATION = /home/student/.config/Code/exthost Crash Reports
# automatic
+D = $(patsubst %/,%,$(dir $+))
# environment
GDK_BACKEND = x11
# environment
LC_PAPER = nb_NO.UTF-8
# environment
LC_IDENTIFICATION = nb_NO.UTF-8
# environment
QT_ACCESSIBILITY = 1
# default
MAKEFILES := 
# environment
SNAP_COOKIE = YhPNE_WteWkktHJEKPoPZ2VzV_8-lntFzWtezBoQyFS-QG5TKJ5M
# environment
LC_NUMERIC = nb_NO.UTF-8
# automatic
<F = $(notdir $<)
# environment
ELECTRON_RUN_AS_NODE = 1
# environment
LC_MEASUREMENT = nb_NO.UTF-8
# environment
SNAP_NAME = code
# environment
LC_ALL = C
# environment
GJS_DEBUG_TOPICS = JS ERROR;JS LOG
# automatic
^F = $(notdir $^)
# default
SUFFIXES := 
# environment
SNAP_REEXEC = 
# environment
CHROME_DESKTOP = code-url-handler.desktop
# environment
WINDOWPATH = 2
 
# default
.INCLUDE_DIRS = /usr/include /usr/local/include /usr/include
# environment
GJS_DEBUG_OUTPUT = stderr
# default
.RECIPEPREFIX := 
# environment
LC_ADDRESS = nb_NO.UTF-8
# environment
LANG = C
# environment
VSCODE_PID = 5412
# variable set hash-table stats:
# Load=139/1024=14%, Rehash=0, Collisions=26/171=15%

# Pattern-specific Variable Values

# No pattern-specific variable values.

# Directories

# source (device 66308, inode 4196997): No files, no impossibilities so far.
# . (device 66308, inode 4196947): 6 files, no impossibilities.

# 6 files, no impossibilities in 2 directories.

# Implicit Rules

build/%.o: source/%.c | build
#  recipe to execute (from 'Makefile', line 18):
	$(CC) $(CFLAGS) -c $< -o $@

# 1 implicit rules, 0 (0.0%) terminal.

# Files

# Not a target:
build/main.o:
#  Implicit rule search has not been done.
#  Modification time never checked.
#  File has not been updated.

# Not a target:
all:
#  Command line target.
#  Implicit rule search has been done.
#  File does not exist.
#  File has not been updated.

.PHONY: docs clean
#  Implicit rule search has not been done.
#  Modification time never checked.
#  File has not been updated.

# Not a target:
Makefile:
#  Implicit rule search has been done.
#  Last modified 2020-02-01 15:18:36
#  File has been updated.
#  Successfully updated.

build:
#  Implicit rule search has not been done.
#  Modification time never checked.
#  File has not been updated.
#  recipe to execute (from 'Makefile', line 15):
	mkdir -p $@

# Not a target:
build/memory_library.o:
#  Implicit rule search has not been done.
#  Modification time never checked.
#  File has not been updated.

# Not a target:
.DEFAULT:
#  Implicit rule search has not been done.
#  Modification time never checked.
#  File has not been updated.

clean:
#  Phony target (prerequisite of .PHONY).
#  Implicit rule search has not been done.
#  File does not exist.
#  File has not been updated.
#  recipe to execute (from 'Makefile', line 26):
	rm -rf $(BUILD_DIR) $(.DEFAULT_GOAL)

docs: | doxconfig
#  Phony target (prerequisite of .PHONY).
#  Implicit rule search has not been done.
#  File does not exist.
#  File has not been updated.
#  recipe to execute (from 'Makefile', line 22):
	doxygen doxconfig

# Not a target:
doxconfig:
#  Implicit rule search has not been done.
#  Modification time never checked.
#  File has not been updated.

main: build/main.o build/memory_library.o
#  Implicit rule search has not been done.
#  Modification time never checked.
#  File has not been updated.
#  recipe to execute (from 'Makefile', line 12):
	$(CC) $(CFLAGS) $^ -o $@

# files hash-table stats:
# Load=12/1024=1%, Rehash=0, Collisions=0/30=0%
# VPATH Search Paths

# No 'vpath' search paths.

# No general ('VPATH' variable) search path.

# strcache buffers: 1 (0) / strings = 20 / storage = 180 B / avg = 9 B
# current buf: size = 8162 B / used = 180 B / count = 20 / avg = 9 B

# strcache performance: lookups = 36 / hit rate = 44%
# hash-table stats:
# Load=20/8192=0%, Rehash=0, Collisions=1/36=3%
# Finished Make data base on Thu Feb 10 08:48:23 2022

 
